[debug] [2020-02-12T03:43:13.824Z] ----------------------------------------------------------------------
[debug] [2020-02-12T03:43:13.826Z] Command:       /Users/satoukanpei/.nvm/versions/node/v10.16.2/bin/node /Users/satoukanpei/.nvm/versions/node/v10.16.2/bin/firebase serve
[debug] [2020-02-12T03:43:13.826Z] CLI Version:   7.12.1
[debug] [2020-02-12T03:43:13.826Z] Platform:      darwin
[debug] [2020-02-12T03:43:13.826Z] Node Version:  v10.16.2
[debug] [2020-02-12T03:43:13.827Z] Time:          Wed Feb 12 2020 12:43:13 GMT+0900 (GMT+09:00)
[debug] [2020-02-12T03:43:13.828Z] ----------------------------------------------------------------------
[debug] [2020-02-12T03:43:13.828Z] 
[debug] [2020-02-12T03:43:13.842Z] > command requires scopes: ["email","openid","https://www.googleapis.com/auth/cloudplatformprojects.readonly","https://www.googleapis.com/auth/firebase","https://www.googleapis.com/auth/cloud-platform"]
[debug] [2020-02-12T03:43:13.842Z] > authorizing via signed-in user
[debug] [2020-02-12T03:43:13.842Z] [iam] checking project angular-blog-11462 for permissions ["firebase.projects.get"]
[debug] [2020-02-12T03:43:13.844Z] >>> HTTP REQUEST POST https://cloudresourcemanager.googleapis.com/v1/projects/angular-blog-11462:testIamPermissions  

[debug] [2020-02-12T03:43:14.738Z] <<< HTTP RESPONSE 200
[debug] [2020-02-12T03:43:14.740Z] >>> HTTP REQUEST GET https://firebase.googleapis.com/v1beta1/projects/angular-blog-11462  
 
[debug] [2020-02-12T03:43:15.252Z] <<< HTTP RESPONSE 200
[info] 
[info] === Serving from '/Users/satoukanpei/Study/javascript/angular/blog/angular-blog'...
[info] 
[debug] [2020-02-12T03:43:15.255Z] >>> HTTP REQUEST GET https://firebase.googleapis.com/v1beta1/projects/angular-blog-11462/webApps/-/config  
 
[debug] [2020-02-12T03:43:16.506Z] <<< HTTP RESPONSE 200
[info] i  hosting: Serving hosting files from: dist/angular-blog
[info] ✔  hosting: Local server: http://localhost:5000
